#36
_program
  #36
  _class
    Board
    IO
    "good.cl"
    (
    #38
    _attr
      rows
      Int
      #38
      _no_expr
      : _no_type
    #39
    _attr
      columns
      Int
      #39
      _no_expr
      : _no_type
    #40
    _attr
      board_size
      Int
      #40
      _no_expr
      : _no_type
    #42
    _method
      size_of_board
      #42
      _formal
        initial
        String
      Int
      #43
      _dispatch
        #43
        _object
          initial
        : _no_type
        length
        (
        )
      : _no_type
    #46
    _method
      board_init
      #46
      _formal
        start
        String
      SELF_TYPE
      #47
      _let
        size
        Int
        #47
        _dispatch
          #47
          _object
            self
          : _no_type
          size_of_board
          (
          #47
          _object
            start
          : _no_type
          )
        : _no_type
        #48
        _block
          #49
          _cond
            #49
            _eq
              #49
              _object
                size
              : _no_type
              #49
              _int
                15
              : _no_type
            : _no_type
            #50
            _block
              #51
              _assign
                rows
                #51
                _int
                  3
                : _no_type
              : _no_type
              #52
              _assign
                columns
                #52
                _int
                  5
                : _no_type
              : _no_type
              #53
              _assign
                board_size
                #53
                _object
                  size
                : _no_type
              : _no_type
            : _no_type
            #55
            _cond
              #55
              _eq
                #55
                _object
                  size
                : _no_type
                #55
                _int
                  16
                : _no_type
              : _no_type
              #56
              _block
                #57
                _assign
                  rows
                  #57
                  _int
                    4
                  : _no_type
                : _no_type
                #58
                _assign
                  columns
                  #58
                  _int
                    4
                  : _no_type
                : _no_type
                #59
                _assign
                  board_size
                  #59
                  _object
                    size
                  : _no_type
                : _no_type
              : _no_type
              #61
              _cond
                #61
                _eq
                  #61
                  _object
                    size
                  : _no_type
                  #61
                  _int
                    20
                  : _no_type
                : _no_type
                #62
                _block
                  #63
                  _assign
                    rows
                    #63
                    _int
                      4
                    : _no_type
                  : _no_type
                  #64
                  _assign
                    columns
                    #64
                    _int
                      5
                    : _no_type
                  : _no_type
                  #65
                  _assign
                    board_size
                    #65
                    _object
                      size
                    : _no_type
                  : _no_type
                : _no_type
                #67
                _cond
                  #67
                  _eq
                    #67
                    _object
                      size
                    : _no_type
                    #67
                    _int
                      21
                    : _no_type
                  : _no_type
                  #68
                  _block
                    #69
                    _assign
                      rows
                      #69
                      _int
                        3
                      : _no_type
                    : _no_type
                    #70
                    _assign
                      columns
                      #70
                      _int
                        7
                      : _no_type
                    : _no_type
                    #71
                    _assign
                      board_size
                      #71
                      _object
                        size
                      : _no_type
                    : _no_type
                  : _no_type
                  #73
                  _cond
                    #73
                    _eq
                      #73
                      _object
                        size
                      : _no_type
                      #73
                      _int
                        25
                      : _no_type
                    : _no_type
                    #74
                    _block
                      #75
                      _assign
                        rows
                        #75
                        _int
                          5
                        : _no_type
                      : _no_type
                      #76
                      _assign
                        columns
                        #76
                        _int
                          5
                        : _no_type
                      : _no_type
                      #77
                      _assign
                        board_size
                        #77
                        _object
                          size
                        : _no_type
                      : _no_type
                    : _no_type
                    #79
                    _cond
                      #79
                      _eq
                        #79
                        _object
                          size
                        : _no_type
                        #79
                        _int
                          28
                        : _no_type
                      : _no_type
                      #80
                      _block
                        #81
                        _assign
                          rows
                          #81
                          _int
                            7
                          : _no_type
                        : _no_type
                        #82
                        _assign
                          columns
                          #82
                          _int
                            4
                          : _no_type
                        : _no_type
                        #83
                        _assign
                          board_size
                          #83
                          _object
                            size
                          : _no_type
                        : _no_type
                      : _no_type
                      #86
                      _block
                        #87
                        _assign
                          rows
                          #87
                          _int
                            5
                          : _no_type
                        : _no_type
                        #88
                        _assign
                          columns
                          #88
                          _int
                            5
                          : _no_type
                        : _no_type
                        #89
                        _assign
                          board_size
                          #89
                          _object
                            size
                          : _no_type
                        : _no_type
                      : _no_type
                    : _no_type
                  : _no_type
                : _no_type
              : _no_type
            : _no_type
          : _no_type
          #92
          _object
            self
          : _no_type
        : _no_type
      : _no_type
    )
  #101
  _class
    CellularAutomaton
    Board
    "good.cl"
    (
    #102
    _attr
      population_map
      String
      #102
      _no_expr
      : _no_type
    #104
    _method
      init
      #104
      _formal
        map
        String
      SELF_TYPE
      #105
      _block
        #106
        _assign
          population_map
          #106
          _object
            map
          : _no_type
        : _no_type
        #107
        _dispatch
          #107
          _object
            self
          : _no_type
          board_init
          (
          #107
          _object
            map
          : _no_type
          )
        : _no_type
        #108
        _object
          self
        : _no_type
      : _no_type
    #115
    _method
      print
      SELF_TYPE
      #117
      _let
        i
        Int
        #117
        _int
          0
        : _no_type
        #118
        _let
          num
          Int
          #118
          _object
            board_size
          : _no_type
          #119
          _block
            #120
            _dispatch
              #120
              _object
                self
              : _no_type
              out_string
              (
              #120
              _string
                "\n"
              : _no_type
              )
            : _no_type
            #121
            _loop
              #121
              _lt
                #121
                _object
                  i
                : _no_type
                #121
                _object
                  num
                : _no_type
              : _no_type
              #122
              _block
                #123
                _dispatch
                  #123
                  _object
                    self
                  : _no_type
                  out_string
                  (
                  #123
                  _dispatch
                    #123
                    _object
                      population_map
                    : _no_type
                    substr
                    (
                    #123
                    _object
                      i
                    : _no_type
                    #123
                    _object
                      columns
                    : _no_type
                    )
                  : _no_type
                  )
                : _no_type
                #124
                _dispatch
                  #124
                  _object
                    self
                  : _no_type
                  out_string
                  (
                  #124
                  _string
                    "\n"
                  : _no_type
                  )
                : _no_type
                #125
                _assign
                  i
                  #125
                  _plus
                    #125
                    _object
                      i
                    : _no_type
                    #125
                    _object
                      columns
                    : _no_type
                  : _no_type
                : _no_type
              : _no_type
            : _no_type
            #128
            _dispatch
              #128
              _object
                self
              : _no_type
              out_string
              (
              #128
              _string
                "\n"
              : _no_type
              )
            : _no_type
            #129
            _object
              self
            : _no_type
          : _no_type
        : _no_type
      : _no_type
    #134
    _method
      num_cells
      Int
      #135
      _dispatch
        #135
        _object
          population_map
        : _no_type
        length
        (
        )
      : _no_type
    #138
    _method
      cell
      #138
      _formal
        position
        Int
      String
      #139
      _cond
        #139
        _sub
          #139
          _object
            board_size
          : _no_type
          #139
          _lt
            #139
            _int
              1
            : _no_type
            #139
            _object
              position
            : _no_type
          : _no_type
        : _no_type
        #140
        _string
          " "
        : _no_type
        #142
        _dispatch
          #142
          _object
            population_map
          : _no_type
          substr
          (
          #142
          _object
            position
          : _no_type
          #142
          _int
            1
          : _no_type
          )
        : _no_type
      : _no_type
    #146
    _method
      north
      #146
      _formal
        position
        Int
      String
      #147
      _cond
        #147
        _lt
          #147
          _sub
            #147
            _object
              position
            : _no_type
            #147
            _object
              columns
            : _no_type
          : _no_type
          #147
          _int
            0
          : _no_type
        : _no_type
        #148
        _string
          " "
        : _no_type
        #150
        _dispatch
          #150
          _object
            self
          : _no_type
          cell
          (
          #150
          _sub
            #150
            _object
              position
            : _no_type
            #150
            _object
              columns
            : _no_type
          : _no_type
          )
        : _no_type
      : _no_type
    #154
    _method
      south
      #154
      _formal
        position
        Int
      String
      #155
      _cond
        #155
        _lt
          #155
          _object
            board_size
          : _no_type
          #155
          _plus
            #155
            _object
              position
            : _no_type
            #155
            _object
              columns
            : _no_type
          : _no_type
        : _no_type
        #156
        _string
          " "
        : _no_type
        #158
        _dispatch
          #158
          _object
            self
          : _no_type
          cell
          (
          #158
          _plus
            #158
            _object
              position
            : _no_type
            #158
            _object
              columns
            : _no_type
          : _no_type
          )
        : _no_type
      : _no_type
    #162
    _method
      east
      #162
      _formal
        position
        Int
      String
      #163
      _cond
        #163
        _eq
          #163
          _mul
            #163
            _divide
              #163
              _plus
                #163
                _object
                  position
                : _no_type
                #163
                _int
                  1
                : _no_type
              : _no_type
              #163
              _object
                columns
              : _no_type
            : _no_type
            #163
            _object
              columns
            : _no_type
          : _no_type
          #163
          _plus
            #163
            _object
              position
            : _no_type
            #163
            _int
              1
            : _no_type
          : _no_type
        : _no_type
        #164
        _string
          " "
        : _no_type
        #166
        _dispatch
          #166
          _object
            self
          : _no_type
          cell
          (
          #166
          _plus
            #166
            _object
              position
            : _no_type
            #166
            _int
              1
            : _no_type
          : _no_type
          )
        : _no_type
      : _no_type
    #170
    _method
      west
      #170
      _formal
        position
        Int
      String
      #171
      _cond
        #171
        _eq
          #171
          _object
            position
          : _no_type
          #171
          _int
            0
          : _no_type
        : _no_type
        #172
        _string
          " "
        : _no_type
        #174
        _cond
          #174
          _eq
            #174
            _mul
              #174
              _divide
                #174
                _object
                  position
                : _no_type
                #174
                _object
                  columns
                : _no_type
              : _no_type
              #174
              _object
                columns
              : _no_type
            : _no_type
            #174
            _object
              position
            : _no_type
          : _no_type
          #175
          _string
            " "
          : _no_type
          #177
          _dispatch
            #177
            _object
              self
            : _no_type
            cell
            (
            #177
            _sub
              #177
              _object
                position
              : _no_type
              #177
              _int
                1
              : _no_type
            : _no_type
            )
          : _no_type
        : _no_type
      : _no_type
    #181
    _method
      northwest
      #181
      _formal
        position
        Int
      String
      #182
      _cond
        #182
        _lt
          #182
          _sub
            #182
            _object
              position
            : _no_type
            #182
            _object
              columns
            : _no_type
          : _no_type
          #182
          _int
            0
          : _no_type
        : _no_type
        #183
        _string
          " "
        : _no_type
        #184
        _cond
          #184
          _eq
            #184
            _mul
              #184
              _divide
                #184
                _object
                  position
                : _no_type
                #184
                _object
                  columns
                : _no_type
              : _no_type
              #184
              _object
                columns
              : _no_type
            : _no_type
            #184
            _object
              position
            : _no_type
          : _no_type
          #185
          _string
            " "
          : _no_type
          #187
          _dispatch
            #187
            _object
              self
            : _no_type
            north
            (
            #187
            _sub
              #187
              _object
                position
              : _no_type
              #187
              _int
                1
              : _no_type
            : _no_type
            )
          : _no_type
        : _no_type
      : _no_type
    #191
    _method
      northeast
      #191
      _formal
        position
        Int
      String
      #192
      _cond
        #192
        _lt
          #192
          _sub
            #192
            _object
              position
            : _no_type
            #192
            _object
              columns
            : _no_type
          : _no_type
          #192
          _int
            0
          : _no_type
        : _no_type
        #193
        _string
          " "
        : _no_type
        #194
        _cond
          #194
          _eq
            #194
            _mul
              #194
              _divide
                #194
                _plus
                  #194
                  _object
                    position
                  : _no_type
                  #194
                  _int
                    1
                  : _no_type
                : _no_type
                #194
                _object
                  columns
                : _no_type
              : _no_type
              #194
              _object
                columns
              : _no_type
            : _no_type
            #194
            _plus
              #194
              _object
                position
              : _no_type
              #194
              _int
                1
              : _no_type
            : _no_type
          : _no_type
          #195
          _string
            " "
          : _no_type
          #197
          _dispatch
            #197
            _object
              self
            : _no_type
            north
            (
            #197
            _plus
              #197
              _object
                position
              : _no_type
              #197
              _int
                1
              : _no_type
            : _no_type
            )
          : _no_type
        : _no_type
      : _no_type
    #201
    _method
      southeast
      #201
      _formal
        position
        Int
      String
      #202
      _cond
        #202
        _lt
          #202
          _object
            board_size
          : _no_type
          #202
          _plus
            #202
            _object
              position
            : _no_type
            #202
            _object
              columns
            : _no_type
          : _no_type
        : _no_type
        #203
        _string
          " "
        : _no_type
        #204
        _cond
          #204
          _eq
            #204
            _mul
              #204
              _divide
                #204
                _plus
                  #204
                  _object
                    position
                  : _no_type
                  #204
                  _int
                    1
                  : _no_type
                : _no_type
                #204
                _object
                  columns
                : _no_type
              : _no_type
              #204
              _object
                columns
              : _no_type
            : _no_type
            #204
            _plus
              #204
              _object
                position
              : _no_type
              #204
              _int
                1
              : _no_type
            : _no_type
          : _no_type
          #205
          _string
            " "
          : _no_type
          #207
          _dispatch
            #207
            _object
              self
            : _no_type
            south
            (
            #207
            _plus
              #207
              _object
                position
              : _no_type
              #207
              _int
                1
              : _no_type
            : _no_type
            )
          : _no_type
        : _no_type
      : _no_type
    #211
    _method
      southwest
      #211
      _formal
        position
        Int
      String
      #212
      _cond
        #212
        _lt
          #212
          _object
            board_size
          : _no_type
          #212
          _plus
            #212
            _object
              position
            : _no_type
            #212
            _object
              columns
            : _no_type
          : _no_type
        : _no_type
        #213
        _string
          " "
        : _no_type
        #214
        _cond
          #214
          _eq
            #214
            _mul
              #214
              _divide
                #214
                _object
                  position
                : _no_type
                #214
                _object
                  columns
                : _no_type
              : _no_type
              #214
              _object
                columns
              : _no_type
            : _no_type
            #214
            _object
              position
            : _no_type
          : _no_type
          #215
          _string
            " "
          : _no_type
          #217
          _dispatch
            #217
            _object
              self
            : _no_type
            south
            (
            #217
            _sub
              #217
              _object
                position
              : _no_type
              #217
              _int
                1
              : _no_type
            : _no_type
            )
          : _no_type
        : _no_type
      : _no_type
    #221
    _method
      neighbors
      #221
      _formal
        position
        Int
      Int
      #222
      _block
        #223
        _plus
          #223
          _plus
            #223
            _plus
              #223
              _plus
                #223
                _plus
                  #223
                  _plus
                    #223
                    _plus
                      #223
                      _cond
                        #223
                        _eq
                          #223
                          _dispatch
                            #223
                            _object
                              self
                            : _no_type
                            north
                            (
                            #223
                            _object
                              position
                            : _no_type
                            )
                          : _no_type
                          #223
                          _string
                            "X"
                          : _no_type
                        : _no_type
                        #223
                        _int
                          1
                        : _no_type
                        #223
                        _int
                          0
                        : _no_type
                      : _no_type
                      #224
                      _cond
                        #224
                        _eq
                          #224
                          _dispatch
                            #224
                            _object
                              self
                            : _no_type
                            south
                            (
                            #224
                            _object
                              position
                            : _no_type
                            )
                          : _no_type
                          #224
                          _string
                            "X"
                          : _no_type
                        : _no_type
                        #224
                        _int
                          1
                        : _no_type
                        #224
                        _int
                          0
                        : _no_type
                      : _no_type
                    : _no_type
                    #225
                    _cond
                      #225
                      _eq
                        #225
                        _dispatch
                          #225
                          _object
                            self
                          : _no_type
                          east
                          (
                          #225
                          _object
                            position
                          : _no_type
                          )
                        : _no_type
                        #225
                        _string
                          "X"
                        : _no_type
                      : _no_type
                      #225
                      _int
                        1
                      : _no_type
                      #225
                      _int
                        0
                      : _no_type
                    : _no_type
                  : _no_type
                  #226
                  _cond
                    #226
                    _eq
                      #226
                      _dispatch
                        #226
                        _object
                          self
                        : _no_type
                        west
                        (
                        #226
                        _object
                          position
                        : _no_type
                        )
                      : _no_type
                      #226
                      _string
                        "X"
                      : _no_type
                    : _no_type
                    #226
                    _int
                      1
                    : _no_type
                    #226
                    _int
                      0
                    : _no_type
                  : _no_type
                : _no_type
                #227
                _cond
                  #227
                  _eq
                    #227
                    _dispatch
                      #227
                      _object
                        self
                      : _no_type
                      northeast
                      (
                      #227
                      _object
                        position
                      : _no_type
                      )
                    : _no_type
                    #227
                    _string
                      "X"
                    : _no_type
                  : _no_type
                  #227
                  _int
                    1
                  : _no_type
                  #227
                  _int
                    0
                  : _no_type
                : _no_type
              : _no_type
              #228
              _cond
                #228
                _eq
                  #228
                  _dispatch
                    #228
                    _object
                      self
                    : _no_type
                    northwest
                    (
                    #228
                    _object
                      position
                    : _no_type
                    )
                  : _no_type
                  #228
                  _string
                    "X"
                  : _no_type
                : _no_type
                #228
                _int
                  1
                : _no_type
                #228
                _int
                  0
                : _no_type
              : _no_type
            : _no_type
            #229
            _cond
              #229
              _eq
                #229
                _dispatch
                  #229
                  _object
                    self
                  : _no_type
                  southeast
                  (
                  #229
                  _object
                    position
                  : _no_type
                  )
                : _no_type
                #229
                _string
                  "X"
                : _no_type
              : _no_type
              #229
              _int
                1
              : _no_type
              #229
              _int
                0
              : _no_type
            : _no_type
          : _no_type
          #230
          _cond
            #230
            _eq
              #230
              _dispatch
                #230
                _object
                  self
                : _no_type
                southwest
                (
                #230
                _object
                  position
                : _no_type
                )
              : _no_type
              #230
              _string
                "X"
              : _no_type
            : _no_type
            #230
            _int
              1
            : _no_type
            #230
            _int
              0
            : _no_type
          : _no_type
        : _no_type
      : _no_type
    #238
    _method
      cell_at_next_evolution
      #238
      _formal
        position
        Int
      String
      #240
      _cond
        #240
        _eq
          #240
          _dispatch
            #240
            _object
              self
            : _no_type
            neighbors
            (
            #240
            _object
              position
            : _no_type
            )
          : _no_type
          #240
          _int
            3
          : _no_type
        : _no_type
        #241
        _string
          "X"
        : _no_type
        #243
        _cond
          #243
          _eq
            #243
            _dispatch
              #243
              _object
                self
              : _no_type
              neighbors
              (
              #243
              _object
                position
              : _no_type
              )
            : _no_type
            #243
            _int
              2
            : _no_type
          : _no_type
          #244
          _cond
            #244
            _eq
              #244
              _dispatch
                #244
                _object
                  self
                : _no_type
                cell
                (
                #244
                _object
                  position
                : _no_type
                )
              : _no_type
              #244
              _string
                "X"
              : _no_type
            : _no_type
            #245
            _string
              "X"
            : _no_type
            #247
            _string
              "-"
            : _no_type
          : _no_type
          #250
          _string
            "-"
          : _no_type
        : _no_type
      : _no_type
    #255
    _method
      evolve
      SELF_TYPE
      #256
      _let
        position
        Int
        #256
        _int
          0
        : _no_type
        #257
        _let
          num
          Int
          #257
          _dispatch
            #257
            _object
              self
            : _no_type
            num_cells
            (
            )
          : _no_type
          #258
          _let
            temp
            String
            #258
            _no_expr
            : _no_type
            #259
            _block
              #260
              _loop
                #260
                _lt
                  #260
                  _object
                    position
                  : _no_type
                  #260
                  _object
                    num
                  : _no_type
                : _no_type
                #261
                _block
                  #262
                  _assign
                    temp
                    #262
                    _dispatch
                      #262
                      _object
                        temp
                      : _no_type
                      concat
                      (
                      #262
                      _dispatch
                        #262
                        _object
                          self
                        : _no_type
                        cell_at_next_evolution
                        (
                        #262
                        _object
                          position
                        : _no_type
                        )
                      : _no_type
                      )
                    : _no_type
                  : _no_type
                  #263
                  _assign
                    position
                    #263
                    _plus
                      #263
                      _object
                        position
                      : _no_type
                      #263
                      _int
                        1
                      : _no_type
                    : _no_type
                  : _no_type
                : _no_type
              : _no_type
              #266
              _assign
                population_map
                #266
                _object
                  temp
                : _no_type
              : _no_type
              #267
              _object
                self
              : _no_type
            : _no_type
          : _no_type
        : _no_type
      : _no_type
    #275
    _method
      option
      String
      #276
      _block
        #277
        _let
          num
          Int
          #277
          _no_expr
          : _no_type
          #278
          _block
            #279
            _dispatch
              #279
              _object
                self
              : _no_type
              out_string
              (
              #279
              _string
                "\nPlease chose a number:\n"
              : _no_type
              )
            : _no_type
            #280
            _dispatch
              #280
              _object
                self
              : _no_type
              out_string
              (
              #280
              _string
                "\t1: A cross\n"
              : _no_type
              )
            : _no_type
            #281
            _dispatch
              #281
              _object
                self
              : _no_type
              out_string
              (
              #281
              _string
                "\t2: A slash from the upper left to lower right\n"
              : _no_type
              )
            : _no_type
            #282
            _dispatch
              #282
              _object
                self
              : _no_type
              out_string
              (
              #282
              _string
                "\t3: A slash from the upper right to lower left\n"
              : _no_type
              )
            : _no_type
            #283
            _dispatch
              #283
              _object
                self
              : _no_type
              out_string
              (
              #283
              _string
                "\t4: An X\n"
              : _no_type
              )
            : _no_type
            #284
            _dispatch
              #284
              _object
                self
              : _no_type
              out_string
              (
              #284
              _string
                "\t5: A greater than sign \n"
              : _no_type
              )
            : _no_type
            #285
            _dispatch
              #285
              _object
                self
              : _no_type
              out_string
              (
              #285
              _string
                "\t6: A less than sign\n"
              : _no_type
              )
            : _no_type
            #286
            _dispatch
              #286
              _object
                self
              : _no_type
              out_string
              (
              #286
              _string
                "\t7: Two greater than signs\n"
              : _no_type
              )
            : _no_type
            #287
            _dispatch
              #287
              _object
                self
              : _no_type
              out_string
              (
              #287
              _string
                "\t8: Two less than signs\n"
              : _no_type
              )
            : _no_type
            #288
            _dispatch
              #288
              _object
                self
              : _no_type
              out_string
              (
              #288
              _string
                "\t9: A 'V'\n"
              : _no_type
              )
            : _no_type
            #289
            _dispatch
              #289
              _object
                self
              : _no_type
              out_string
              (
              #289
              _string
                "\t10: An inverse 'V'\n"
              : _no_type
              )
            : _no_type
            #290
            _dispatch
              #290
              _object
                self
              : _no_type
              out_string
              (
              #290
              _string
                "\t11: Numbers 9 and 10 combined\n"
              : _no_type
              )
            : _no_type
            #291
            _dispatch
              #291
              _object
                self
              : _no_type
              out_string
              (
              #291
              _string
                "\t12: A full grid\n"
              : _no_type
              )
            : _no_type
            #292
            _dispatch
              #292
              _object
                self
              : _no_type
              out_string
              (
              #292
              _string
                "\t13: A 'T'\n"
              : _no_type
              )
            : _no_type
            #293
            _dispatch
              #293
              _object
                self
              : _no_type
              out_string
              (
              #293
              _string
                "\t14: A plus '+'\n"
              : _no_type
              )
            : _no_type
            #294
            _dispatch
              #294
              _object
                self
              : _no_type
              out_string
              (
              #294
              _string
                "\t15: A 'W'\n"
              : _no_type
              )
            : _no_type
            #295
            _dispatch
              #295
              _object
                self
              : _no_type
              out_string
              (
              #295
              _string
                "\t16: An 'M'\n"
              : _no_type
              )
            : _no_type
            #296
            _dispatch
              #296
              _object
                self
              : _no_type
              out_string
              (
              #296
              _string
                "\t17: An 'E'\n"
              : _no_type
              )
            : _no_type
            #297
            _dispatch
              #297
              _object
                self
              : _no_type
              out_string
              (
              #297
              _string
                "\t18: A '3'\n"
              : _no_type
              )
            : _no_type
            #298
            _dispatch
              #298
              _object
                self
              : _no_type
              out_string
              (
              #298
              _string
                "\t19: An 'O'\n"
              : _no_type
              )
            : _no_type
            #299
            _dispatch
              #299
              _object
                self
              : _no_type
              out_string
              (
              #299
              _string
                "\t20: An '8'\n"
              : _no_type
              )
            : _no_type
            #300
            _dispatch
              #300
              _object
                self
              : _no_type
              out_string
              (
              #300
              _string
                "\t21: An 'S'\n"
              : _no_type
              )
            : _no_type
            #301
            _dispatch
              #301
              _object
                self
              : _no_type
              out_string
              (
              #301
              _string
                "Your choice => "
              : _no_type
              )
            : _no_type
            #302
            _assign
              num
              #302
              _dispatch
                #302
                _object
                  self
                : _no_type
                in_int
                (
                )
              : _no_type
            : _no_type
            #303
            _dispatch
              #303
              _object
                self
              : _no_type
              out_string
              (
              #303
              _string
                "\n"
              : _no_type
              )
            : _no_type
            #304
            _cond
              #304
              _eq
                #304
                _object
                  num
                : _no_type
                #304
                _int
                  1
                : _no_type
              : _no_type
              #305
              _string
                " XX  XXXX XXXX  XX  "
              : _no_type
              #306
              _cond
                #306
                _eq
                  #306
                  _object
                    num
                  : _no_type
                  #306
                  _int
                    2
                  : _no_type
                : _no_type
                #307
                _string
                  "    X   X   X   X   X    "
                : _no_type
                #308
                _cond
                  #308
                  _eq
                    #308
                    _object
                      num
                    : _no_type
                    #308
                    _int
                      3
                    : _no_type
                  : _no_type
                  #309
                  _string
                    "X     X     X     X     X"
                  : _no_type
                  #310
                  _cond
                    #310
                    _eq
                      #310
                      _object
                        num
                      : _no_type
                      #310
                      _int
                        4
                      : _no_type
                    : _no_type
                    #311
                    _string
                      "X   X X X   X   X X X   X"
                    : _no_type
                    #312
                    _cond
                      #312
                      _eq
                        #312
                        _object
                          num
                        : _no_type
                        #312
                        _int
                          5
                        : _no_type
                      : _no_type
                      #313
                      _string
                        "X     X     X   X   X    "
                      : _no_type
                      #314
                      _cond
                        #314
                        _eq
                          #314
                          _object
                            num
                          : _no_type
                          #314
                          _int
                            6
                          : _no_type
                        : _no_type
                        #315
                        _string
                          "    X   X   X     X     X"
                        : _no_type
                        #316
                        _cond
                          #316
                          _eq
                            #316
                            _object
                              num
                            : _no_type
                            #316
                            _int
                              7
                            : _no_type
                          : _no_type
                          #317
                          _string
                            "X  X  X  XX  X      "
                          : _no_type
                          #318
                          _cond
                            #318
                            _eq
                              #318
                              _object
                                num
                              : _no_type
                              #318
                              _int
                                8
                              : _no_type
                            : _no_type
                            #319
                            _string
                              " X  XX  X  X  X     "
                            : _no_type
                            #320
                            _cond
                              #320
                              _eq
                                #320
                                _object
                                  num
                                : _no_type
                                #320
                                _int
                                  9
                                : _no_type
                              : _no_type
                              #321
                              _string
                                "X   X X X   X  "
                              : _no_type
                              #322
                              _cond
                                #322
                                _eq
                                  #322
                                  _object
                                    num
                                  : _no_type
                                  #322
                                  _int
                                    10
                                  : _no_type
                                : _no_type
                                #323
                                _string
                                  "  X   X X X   X"
                                : _no_type
                                #324
                                _cond
                                  #324
                                  _eq
                                    #324
                                    _object
                                      num
                                    : _no_type
                                    #324
                                    _int
                                      11
                                    : _no_type
                                  : _no_type
                                  #325
                                  _string
                                    "X X X X X X X X"
                                  : _no_type
                                  #326
                                  _cond
                                    #326
                                    _eq
                                      #326
                                      _object
                                        num
                                      : _no_type
                                      #326
                                      _int
                                        12
                                      : _no_type
                                    : _no_type
                                    #327
                                    _string
                                      "XXXXXXXXXXXXXXXXXXXXXXXXX"
                                    : _no_type
                                    #328
                                    _cond
                                      #328
                                      _eq
                                        #328
                                        _object
                                          num
                                        : _no_type
                                        #328
                                        _int
                                          13
                                        : _no_type
                                      : _no_type
                                      #329
                                      _string
                                        "XXXXX  X    X    X    X  "
                                      : _no_type
                                      #330
                                      _cond
                                        #330
                                        _eq
                                          #330
                                          _object
                                            num
                                          : _no_type
                                          #330
                                          _int
                                            14
                                          : _no_type
                                        : _no_type
                                        #331
                                        _string
                                          "  X    X  XXXXX  X    X  "
                                        : _no_type
                                        #332
                                        _cond
                                          #332
                                          _eq
                                            #332
                                            _object
                                              num
                                            : _no_type
                                            #332
                                            _int
                                              15
                                            : _no_type
                                          : _no_type
                                          #333
                                          _string
                                            "X     X X X X   X X  "
                                          : _no_type
                                          #334
                                          _cond
                                            #334
                                            _eq
                                              #334
                                              _object
                                                num
                                              : _no_type
                                              #334
                                              _int
                                                16
                                              : _no_type
                                            : _no_type
                                            #335
                                            _string
                                              "  X X   X X X X     X"
                                            : _no_type
                                            #336
                                            _cond
                                              #336
                                              _eq
                                                #336
                                                _object
                                                  num
                                                : _no_type
                                                #336
                                                _int
                                                  17
                                                : _no_type
                                              : _no_type
                                              #337
                                              _string
                                                "XXXXX   X   XXXXX   X   XXXX"
                                              : _no_type
                                              #338
                                              _cond
                                                #338
                                                _eq
                                                  #338
                                                  _object
                                                    num
                                                  : _no_type
                                                  #338
                                                  _int
                                                    18
                                                  : _no_type
                                                : _no_type
                                                #339
                                                _string
                                                  "XXX    X   X  X    X   XXXX "
                                                : _no_type
                                                #340
                                                _cond
                                                  #340
                                                  _eq
                                                    #340
                                                    _object
                                                      num
                                                    : _no_type
                                                    #340
                                                    _int
                                                      19
                                                    : _no_type
                                                  : _no_type
                                                  #341
                                                  _string
                                                    " XX X  XX  X XX "
                                                  : _no_type
                                                  #342
                                                  _cond
                                                    #342
                                                    _eq
                                                      #342
                                                      _object
                                                        num
                                                      : _no_type
                                                      #342
                                                      _int
                                                        20
                                                      : _no_type
                                                    : _no_type
                                                    #343
                                                    _string
                                                      " XX X  XX  X XX X  XX  X XX "
                                                    : _no_type
                                                    #344
                                                    _cond
                                                      #344
                                                      _eq
                                                        #344
                                                        _object
                                                          num
                                                        : _no_type
                                                        #344
                                                        _int
                                                          21
                                                        : _no_type
                                                      : _no_type
                                                      #345
                                                      _string
                                                        " XXXX   X    XX    X   XXXX "
                                                      : _no_type
                                                      #347
                                                      _string
                                                        "                         "
                                                      : _no_type
                                                    : _no_type
                                                  : _no_type
                                                : _no_type
                                              : _no_type
                                            : _no_type
                                          : _no_type
                                        : _no_type
                                      : _no_type
                                    : _no_type
                                  : _no_type
                                : _no_type
                              : _no_type
                            : _no_type
                          : _no_type
                        : _no_type
                      : _no_type
                    : _no_type
                  : _no_type
                : _no_type
              : _no_type
            : _no_type
          : _no_type
        : _no_type
      : _no_type
    #357
    _method
      prompt
      Bool
      #358
      _block
        #359
        _let
          ans
          String
          #359
          _no_expr
          : _no_type
          #360
          _block
            #361
            _dispatch
              #361
              _object
                self
              : _no_type
              out_string
              (
              #361
              _string
                "Would you like to continue with the next generation? \n"
              : _no_type
              )
            : _no_type
            #362
            _dispatch
              #362
              _object
                self
              : _no_type
              out_string
              (
              #362
              _string
                "Please use lowercase y or n for your answer [y]: "
              : _no_type
              )
            : _no_type
            #363
            _assign
              ans
              #363
              _dispatch
                #363
                _object
                  self
                : _no_type
                in_string
                (
                )
              : _no_type
            : _no_type
            #364
            _dispatch
              #364
              _object
                self
              : _no_type
              out_string
              (
              #364
              _string
                "\n"
              : _no_type
              )
            : _no_type
            #365
            _cond
              #365
              _eq
                #365
                _object
                  ans
                : _no_type
                #365
                _string
                  "n"
                : _no_type
              : _no_type
              #366
              _bool
                0
              : _no_type
              #368
              _bool
                1
              : _no_type
            : _no_type
          : _no_type
        : _no_type
      : _no_type
    #376
    _method
      prompt2
      Bool
      #377
      _let
        ans
        String
        #377
        _no_expr
        : _no_type
        #378
        _block
          #379
          _dispatch
            #379
            _object
              self
            : _no_type
            out_string
            (
            #379
            _string
              "\n\n"
            : _no_type
            )
          : _no_type
          #380
          _dispatch
            #380
            _object
              self
            : _no_type
            out_string
            (
            #380
            _string
              "Would you like to choose a background pattern? \n"
            : _no_type
            )
          : _no_type
          #381
          _dispatch
            #381
            _object
              self
            : _no_type
            out_string
            (
            #381
            _string
              "Please use lowercase y or n for your answer [n]: "
            : _no_type
            )
          : _no_type
          #382
          _assign
            ans
            #382
            _dispatch
              #382
              _object
                self
              : _no_type
              in_string
              (
              )
            : _no_type
          : _no_type
          #383
          _cond
            #383
            _eq
              #383
              _object
                ans
              : _no_type
              #383
              _string
                "y"
              : _no_type
            : _no_type
            #384
            _bool
              1
            : _no_type
            #386
            _bool
              0
            : _no_type
          : _no_type
        : _no_type
      : _no_type
    )
  #395
  _class
    Main
    CellularAutomaton
    "good.cl"
    (
    #396
    _attr
      cells
      CellularAutomaton
      #396
      _no_expr
      : _no_type
    #398
    _method
      main
      SELF_TYPE
      #399
      _block
        #400
        _let
          continue
          Bool
          #400
          _no_expr
          : _no_type
          #401
          _let
            choice
            String
            #401
            _no_expr
            : _no_type
            #402
            _block
              #403
              _dispatch
                #403
                _object
                  self
                : _no_type
                out_string
                (
                #403
                _string
                  "Welcome to the Game of Life.\n"
                : _no_type
                )
              : _no_type
              #404
              _dispatch
                #404
                _object
                  self
                : _no_type
                out_string
                (
                #404
                _string
                  "There are many initial states to choose from. \n"
                : _no_type
                )
              : _no_type
              #405
              _loop
                #405
                _dispatch
                  #405
                  _object
                    self
                  : _no_type
                  prompt2
                  (
                  )
                : _no_type
                #406
                _block
                  #407
                  _assign
                    continue
                    #407
                    _bool
                      1
                    : _no_type
                  : _no_type
                  #408
                  _assign
                    choice
                    #408
                    _dispatch
                      #408
                      _object
                        self
                      : _no_type
                      option
                      (
                      )
                    : _no_type
                  : _no_type
                  #409
                  _assign
                    cells
                    #409
                    _dispatch
                      #409
                      _new
                        CellularAutomaton
                      : _no_type
                      init
                      (
                      #409
                      _object
                        choice
                      : _no_type
                      )
                    : _no_type
                  : _no_type
                  #410
                  _dispatch
                    #410
                    _object
                      cells
                    : _no_type
                    print
                    (
                    )
                  : _no_type
                  #411
                  _loop
                    #411
                    _object
                      continue
                    : _no_type
                    #412
                    _cond
                      #412
                      _dispatch
                        #412
                        _object
                          self
                        : _no_type
                        prompt
                        (
                        )
                      : _no_type
                      #413
                      _block
                        #414
                        _dispatch
                          #414
                          _object
                            cells
                          : _no_type
                          evolve
                          (
                          )
                        : _no_type
                        #415
                        _dispatch
                          #415
                          _object
                            cells
                          : _no_type
                          print
                          (
                          )
                        : _no_type
                      : _no_type
                      #418
                      _assign
                        continue
                        #418
                        _bool
                          0
                        : _no_type
                      : _no_type
                    : _no_type
                  : _no_type
                : _no_type
              : _no_type
              #423
              _object
                self
              : _no_type
            : _no_type
          : _no_type
        : _no_type
      : _no_type
    )
